<?xml version="1.0" encoding="UTF-8"?>
<!-- Generated by org.testng.reporters.JUnitReportReporter -->
<testsuite hostname="abc-PC" failures="0" tests="3" name="testcases.HomePageTest" time="76.932" errors="0" timestamp="12 Dec 2020 17:08:10 GMT" skipped="0">
  <testcase classname="testcases.HomePageTest" name="newcontacttest" time="14.117"/>
  <testcase classname="testcases.HomePageTest" name="newcontacttest" time="50.787"/>
  <testcase classname="testcases.HomePageTest" name="newcontacttest" time="12.028"/>
</testsuite> <!-- testcases.HomePageTest -->
