<?xml version="1.0" encoding="UTF-8"?>
<!-- Generated by org.testng.reporters.JUnitReportReporter -->
<testsuite hostname="abc-PC" failures="0" tests="2" name="testcases.LoginTestcase" time="16.795" errors="0" timestamp="12 Dec 2020 17:08:10 GMT" skipped="0">
  <testcase classname="testcases.LoginTestcase" name="checkpagetitletest" time="7.479"/>
  <testcase classname="testcases.LoginTestcase" name="logintest" time="9.316"/>
</testsuite> <!-- testcases.LoginTestcase -->
